[2024-08-08 21:21:18] [ INFO ] [Main:17] Inicializando Clase Main...
[2024-08-08 21:21:18] [ INFO ] [Main:18] [MAIN] CREANDO TABLAS...
[2024-08-08 21:21:19] [ INFO ] [Main:20] [MAIN] Creando servicio odontolgos...
[2024-08-08 21:21:19] [ INFO ] [Main:23] [MAIN] Creando odontologos...
[2024-08-08 21:21:19] [ INFO ] [Main:28] [MAIN] Guardando odontologos...
[2024-08-08 21:21:19] [ INFO ] [ImplementacionDAOH2:17] Guardando Odontologo en H2...
[2024-08-08 21:21:19] [ INFO ] [ImplementacionDAOH2:23] PREPARANDO STATEMENT...
[2024-08-08 21:21:19] [ INFO ] [ImplementacionDAOH2:35] ODONTOLOGO GUARDADO...
[2024-08-08 21:21:19] [ INFO ] [ImplementacionDAOH2:42] ODONTOLOGO->Nombre:...Carlos
[2024-08-08 21:21:19] [ INFO ] [ImplementacionDAOH2:17] Guardando Odontologo en H2...
[2024-08-08 21:21:19] [ INFO ] [ImplementacionDAOH2:23] PREPARANDO STATEMENT...
[2024-08-08 21:21:19] [ INFO ] [ImplementacionDAOH2:35] ODONTOLOGO GUARDADO...
[2024-08-08 21:21:19] [ INFO ] [ImplementacionDAOH2:42] ODONTOLOGO->Nombre:...Diana
[2024-08-08 21:21:19] [ INFO ] [ImplementacionDAOH2:17] Guardando Odontologo en H2...
[2024-08-08 21:21:19] [ INFO ] [ImplementacionDAOH2:23] PREPARANDO STATEMENT...
[2024-08-08 21:21:19] [ INFO ] [ImplementacionDAOH2:35] ODONTOLOGO GUARDADO...
[2024-08-08 21:21:19] [ INFO ] [ImplementacionDAOH2:42] ODONTOLOGO->Nombre:...Alejandro
[2024-08-08 21:21:19] [ INFO ] [Main:33] [MAIN] Listando odontologos...
[2024-08-08 21:21:19] [ INFO ] [ImplementacionDAOH2:61] GENERANDO LISTA ODONTOLOGOS...
[2024-08-08 21:21:19] [ INFO ] [ImplementacionDAOH2:67] PREPARANDO CONSULTA...
[2024-08-08 21:21:19] [ INFO ] [ImplementacionDAOH2:75] ODONTOLOGO ENCONTRADO...
[2024-08-08 21:21:19] [ INFO ] [ImplementacionDAOH2:80] ODONTOLOGO: modelo.Odontologo@3023df74
[2024-08-08 21:21:19] [ INFO ] [ImplementacionDAOH2:75] ODONTOLOGO ENCONTRADO...
[2024-08-08 21:21:19] [ INFO ] [ImplementacionDAOH2:80] ODONTOLOGO: modelo.Odontologo@313ac989
[2024-08-08 21:21:19] [ INFO ] [ImplementacionDAOH2:75] ODONTOLOGO ENCONTRADO...
[2024-08-08 21:21:19] [ INFO ] [ImplementacionDAOH2:80] ODONTOLOGO: modelo.Odontologo@4562e04d
[2024-08-08 21:21:39] [ INFO ] [Main:17] Inicializando Clase Main...
[2024-08-08 21:21:39] [ INFO ] [Main:18] [MAIN] CREANDO TABLAS...
[2024-08-08 21:21:39] [ INFO ] [Main:20] [MAIN] Creando servicio odontolgos...
[2024-08-08 21:21:39] [ INFO ] [Main:23] [MAIN] Creando odontologos...
[2024-08-08 21:21:39] [ INFO ] [Main:28] [MAIN] Guardando odontologos...
[2024-08-08 21:21:39] [ INFO ] [ImplementacionDAOH2:17] Guardando Odontologo en H2...
[2024-08-08 21:21:39] [ INFO ] [ImplementacionDAOH2:23] PREPARANDO STATEMENT...
[2024-08-08 21:21:39] [ INFO ] [ImplementacionDAOH2:35] ODONTOLOGO GUARDADO...
[2024-08-08 21:21:39] [ INFO ] [ImplementacionDAOH2:42] ODONTOLOGO->Nombre:...Carlos
[2024-08-08 21:21:39] [ INFO ] [ImplementacionDAOH2:17] Guardando Odontologo en H2...
[2024-08-08 21:21:39] [ INFO ] [ImplementacionDAOH2:23] PREPARANDO STATEMENT...
[2024-08-08 21:21:39] [ INFO ] [ImplementacionDAOH2:35] ODONTOLOGO GUARDADO...
[2024-08-08 21:21:39] [ INFO ] [ImplementacionDAOH2:42] ODONTOLOGO->Nombre:...Diana
[2024-08-08 21:21:39] [ INFO ] [ImplementacionDAOH2:17] Guardando Odontologo en H2...
[2024-08-08 21:21:39] [ INFO ] [ImplementacionDAOH2:23] PREPARANDO STATEMENT...
[2024-08-08 21:21:39] [ INFO ] [ImplementacionDAOH2:35] ODONTOLOGO GUARDADO...
[2024-08-08 21:21:39] [ INFO ] [ImplementacionDAOH2:42] ODONTOLOGO->Nombre:...Alejandro
[2024-08-08 21:21:39] [ INFO ] [Main:33] [MAIN] Listando odontologos...
[2024-08-08 21:21:39] [ INFO ] [ImplementacionDAOH2:61] GENERANDO LISTA ODONTOLOGOS...
[2024-08-08 21:21:39] [ INFO ] [ImplementacionDAOH2:67] PREPARANDO CONSULTA...
[2024-08-08 21:21:39] [ INFO ] [ImplementacionDAOH2:75] ODONTOLOGO ENCONTRADO...
[2024-08-08 21:21:39] [ INFO ] [ImplementacionDAOH2:80] ODONTOLOGO: modelo.Odontologo@689604d9
[2024-08-08 21:21:39] [ INFO ] [ImplementacionDAOH2:75] ODONTOLOGO ENCONTRADO...
[2024-08-08 21:21:39] [ INFO ] [ImplementacionDAOH2:80] ODONTOLOGO: modelo.Odontologo@18078bef
[2024-08-08 21:21:39] [ INFO ] [ImplementacionDAOH2:75] ODONTOLOGO ENCONTRADO...
[2024-08-08 21:21:39] [ INFO ] [ImplementacionDAOH2:80] ODONTOLOGO: modelo.Odontologo@799f10e1
[2024-08-08 21:22:42] [ INFO ] [Main:15] Inicializando Clase Main...
[2024-08-08 21:22:42] [ INFO ] [Main:16] CREANDO TABLAS...
[2024-08-08 21:22:42] [ INFO ] [Main:18] Creando servicio odontolgos...
[2024-08-08 21:22:42] [ INFO ] [Main:21] Creando odontologos...
[2024-08-08 21:22:42] [ INFO ] [Main:26] Guardando odontologos...
[2024-08-08 21:22:42] [ INFO ] [ImplementacionDAOH2:17] Guardando Odontologo en H2...
[2024-08-08 21:22:42] [ INFO ] [ImplementacionDAOH2:23] PREPARANDO STATEMENT...
[2024-08-08 21:22:42] [ INFO ] [ImplementacionDAOH2:35] ODONTOLOGO GUARDADO...
[2024-08-08 21:22:42] [ INFO ] [ImplementacionDAOH2:42] ODONTOLOGO->Nombre:...Carlos
[2024-08-08 21:22:42] [ INFO ] [ImplementacionDAOH2:17] Guardando Odontologo en H2...
[2024-08-08 21:22:42] [ INFO ] [ImplementacionDAOH2:23] PREPARANDO STATEMENT...
[2024-08-08 21:22:42] [ INFO ] [ImplementacionDAOH2:35] ODONTOLOGO GUARDADO...
[2024-08-08 21:22:42] [ INFO ] [ImplementacionDAOH2:42] ODONTOLOGO->Nombre:...Diana
[2024-08-08 21:22:42] [ INFO ] [ImplementacionDAOH2:17] Guardando Odontologo en H2...
[2024-08-08 21:22:42] [ INFO ] [ImplementacionDAOH2:23] PREPARANDO STATEMENT...
[2024-08-08 21:22:42] [ INFO ] [ImplementacionDAOH2:35] ODONTOLOGO GUARDADO...
[2024-08-08 21:22:42] [ INFO ] [ImplementacionDAOH2:42] ODONTOLOGO->Nombre:...Alejandro
[2024-08-08 21:22:42] [ INFO ] [Main:31] Listando odontologos...
[2024-08-08 21:22:42] [ INFO ] [ImplementacionDAOH2:61] GENERANDO LISTA ODONTOLOGOS...
[2024-08-08 21:22:42] [ INFO ] [ImplementacionDAOH2:67] PREPARANDO CONSULTA...
[2024-08-08 21:22:42] [ INFO ] [ImplementacionDAOH2:75] ODONTOLOGO ENCONTRADO...
[2024-08-08 21:22:42] [ INFO ] [ImplementacionDAOH2:80] ODONTOLOGO: modelo.Odontologo@689604d9
[2024-08-08 21:22:42] [ INFO ] [ImplementacionDAOH2:75] ODONTOLOGO ENCONTRADO...
[2024-08-08 21:22:42] [ INFO ] [ImplementacionDAOH2:80] ODONTOLOGO: modelo.Odontologo@18078bef
[2024-08-08 21:22:42] [ INFO ] [ImplementacionDAOH2:75] ODONTOLOGO ENCONTRADO...
[2024-08-08 21:22:42] [ INFO ] [ImplementacionDAOH2:80] ODONTOLOGO: modelo.Odontologo@799f10e1
[2024-08-08 21:24:17] [ INFO ] [Main:15] Inicializando Clase Main...
[2024-08-08 21:24:17] [ INFO ] [Main:16] CREANDO TABLAS...
[2024-08-08 21:24:17] [ INFO ] [Main:18] Creando servicio odontolgos...
[2024-08-08 21:24:17] [ INFO ] [Main:21] Creando odontologos...
[2024-08-08 21:24:17] [ INFO ] [Main:26] Guardando odontologos...
[2024-08-08 21:24:17] [ INFO ] [ImplementacionDAOH2:17] Guardando Odontologo en H2...
[2024-08-08 21:24:17] [ INFO ] [ImplementacionDAOH2:23] PREPARANDO STATEMENT...
[2024-08-08 21:24:17] [ INFO ] [ImplementacionDAOH2:35] ODONTOLOGO GUARDADO...
[2024-08-08 21:24:17] [ INFO ] [ImplementacionDAOH2:42] ODONTOLOGO->Nombre:...Carlos
[2024-08-08 21:24:17] [ INFO ] [ImplementacionDAOH2:17] Guardando Odontologo en H2...
[2024-08-08 21:24:17] [ INFO ] [ImplementacionDAOH2:23] PREPARANDO STATEMENT...
[2024-08-08 21:24:17] [ INFO ] [ImplementacionDAOH2:35] ODONTOLOGO GUARDADO...
[2024-08-08 21:24:17] [ INFO ] [ImplementacionDAOH2:42] ODONTOLOGO->Nombre:...Diana
[2024-08-08 21:24:17] [ INFO ] [ImplementacionDAOH2:17] Guardando Odontologo en H2...
[2024-08-08 21:24:17] [ INFO ] [ImplementacionDAOH2:23] PREPARANDO STATEMENT...
[2024-08-08 21:24:17] [ INFO ] [ImplementacionDAOH2:35] ODONTOLOGO GUARDADO...
[2024-08-08 21:24:17] [ INFO ] [ImplementacionDAOH2:42] ODONTOLOGO->Nombre:...Alejandro
[2024-08-08 21:24:17] [ INFO ] [Main:31] Listando odontologos...
[2024-08-08 21:24:17] [ INFO ] [ImplementacionDAOH2:59] GENERANDO LISTA ODONTOLOGOS...
[2024-08-08 21:24:17] [ INFO ] [ImplementacionDAOH2:65] PREPARANDO CONSULTA...
[2024-08-08 21:24:17] [ INFO ] [ImplementacionDAOH2:73] ODONTOLOGO ENCONTRADO...
[2024-08-08 21:24:17] [ INFO ] [ImplementacionDAOH2:78] ODONTOLOGO: Carlos
[2024-08-08 21:24:17] [ INFO ] [ImplementacionDAOH2:73] ODONTOLOGO ENCONTRADO...
[2024-08-08 21:24:17] [ INFO ] [ImplementacionDAOH2:78] ODONTOLOGO: Diana
[2024-08-08 21:24:17] [ INFO ] [ImplementacionDAOH2:73] ODONTOLOGO ENCONTRADO...
[2024-08-08 21:24:17] [ INFO ] [ImplementacionDAOH2:78] ODONTOLOGO: Alejandro
[2024-08-08 21:41:52] [ INFO ] [Main:20] Inicializando Clase Main...
[2024-08-08 21:41:52] [ INFO ] [Main:21] CREANDO TABLAS...
[2024-08-08 21:41:52] [ INFO ] [Main:23] Creando servicio odontolgos...
[2024-08-08 21:41:52] [ INFO ] [Main:26] Creando odontologos...
[2024-08-08 21:41:52] [ INFO ] [Main:31] Guardando odontologos en H2...
[2024-08-08 21:41:52] [ INFO ] [ImplementacionDAOH2:17] Guardando Odontologo en H2...
[2024-08-08 21:41:52] [ INFO ] [ImplementacionDAOH2:23] PREPARANDO STATEMENT...
[2024-08-08 21:41:52] [ INFO ] [ImplementacionDAOH2:35] ODONTOLOGO GUARDADO...
[2024-08-08 21:41:52] [ INFO ] [ImplementacionDAOH2:42] ODONTOLOGO->Nombre:...Carlos
[2024-08-08 21:41:52] [ INFO ] [ImplementacionDAOH2:17] Guardando Odontologo en H2...
[2024-08-08 21:41:52] [ INFO ] [ImplementacionDAOH2:23] PREPARANDO STATEMENT...
[2024-08-08 21:41:52] [ INFO ] [ImplementacionDAOH2:35] ODONTOLOGO GUARDADO...
[2024-08-08 21:41:52] [ INFO ] [ImplementacionDAOH2:42] ODONTOLOGO->Nombre:...Diana
[2024-08-08 21:41:52] [ INFO ] [ImplementacionDAOH2:17] Guardando Odontologo en H2...
[2024-08-08 21:41:52] [ INFO ] [ImplementacionDAOH2:23] PREPARANDO STATEMENT...
[2024-08-08 21:41:52] [ INFO ] [ImplementacionDAOH2:35] ODONTOLOGO GUARDADO...
[2024-08-08 21:41:52] [ INFO ] [ImplementacionDAOH2:42] ODONTOLOGO->Nombre:...Alejandro
[2024-08-08 21:41:52] [ INFO ] [Main:36] Guardando odontologos en Local...
[2024-08-08 21:43:02] [ INFO ] [Main:20] Inicializando Clase Main...
[2024-08-08 21:43:02] [ INFO ] [Main:21] CREANDO TABLAS...
[2024-08-08 21:43:02] [ INFO ] [Main:23] Creando servicio odontolgos...
[2024-08-08 21:43:02] [ INFO ] [Main:26] Creando odontologos...
[2024-08-08 21:43:02] [ INFO ] [Main:31] Guardando odontologos en H2...
[2024-08-08 21:43:02] [ INFO ] [ImplementacionDAOH2:17] Guardando Odontologo en H2...
[2024-08-08 21:43:02] [ INFO ] [ImplementacionDAOH2:23] PREPARANDO STATEMENT...
[2024-08-08 21:43:02] [ INFO ] [ImplementacionDAOH2:35] ODONTOLOGO GUARDADO...
[2024-08-08 21:43:02] [ INFO ] [ImplementacionDAOH2:42] ODONTOLOGO->Nombre:...Carlos
[2024-08-08 21:43:02] [ INFO ] [ImplementacionDAOH2:17] Guardando Odontologo en H2...
[2024-08-08 21:43:02] [ INFO ] [ImplementacionDAOH2:23] PREPARANDO STATEMENT...
[2024-08-08 21:43:02] [ INFO ] [ImplementacionDAOH2:35] ODONTOLOGO GUARDADO...
[2024-08-08 21:43:02] [ INFO ] [ImplementacionDAOH2:42] ODONTOLOGO->Nombre:...Diana
[2024-08-08 21:43:02] [ INFO ] [ImplementacionDAOH2:17] Guardando Odontologo en H2...
[2024-08-08 21:43:02] [ INFO ] [ImplementacionDAOH2:23] PREPARANDO STATEMENT...
[2024-08-08 21:43:02] [ INFO ] [ImplementacionDAOH2:35] ODONTOLOGO GUARDADO...
[2024-08-08 21:43:02] [ INFO ] [ImplementacionDAOH2:42] ODONTOLOGO->Nombre:...Alejandro
[2024-08-08 21:43:02] [ INFO ] [Main:36] Guardando odontologos en Local...
[2024-08-08 21:43:02] [ INFO ] [ImplementacionLocal:17] Guardando Odontologo en local...
[2024-08-08 21:43:02] [ INFO ] [ImplementacionLocal:20] Asignando ID: 1
[2024-08-08 21:43:02] [ INFO ] [ImplementacionLocal:22] Odontologo con ID: 1 y nombre: Carlos ha sido guardado
[2024-08-08 21:43:02] [ INFO ] [ImplementacionLocal:17] Guardando Odontologo en local...
[2024-08-08 21:43:02] [ INFO ] [ImplementacionLocal:20] Asignando ID: 2
[2024-08-08 21:43:02] [ INFO ] [ImplementacionLocal:22] Odontologo con ID: 2 y nombre: Diana ha sido guardado
[2024-08-08 21:43:02] [ INFO ] [ImplementacionLocal:17] Guardando Odontologo en local...
[2024-08-08 21:43:02] [ INFO ] [ImplementacionLocal:20] Asignando ID: 3
[2024-08-08 21:43:02] [ INFO ] [ImplementacionLocal:22] Odontologo con ID: 3 y nombre: Alejandro ha sido guardado
[2024-08-08 21:43:02] [ INFO ] [Main:41] Listando odontologos de H2...
[2024-08-08 21:43:02] [ INFO ] [ImplementacionDAOH2:59] GENERANDO LISTA ODONTOLOGOS...
[2024-08-08 21:43:02] [ INFO ] [ImplementacionDAOH2:65] PREPARANDO CONSULTA...
[2024-08-08 21:43:02] [ INFO ] [ImplementacionDAOH2:73] ODONTOLOGO ENCONTRADO...
[2024-08-08 21:43:02] [ INFO ] [ImplementacionDAOH2:78] ODONTOLOGO: Carlos
[2024-08-08 21:43:02] [ INFO ] [ImplementacionDAOH2:73] ODONTOLOGO ENCONTRADO...
[2024-08-08 21:43:02] [ INFO ] [ImplementacionDAOH2:78] ODONTOLOGO: Diana
[2024-08-08 21:43:02] [ INFO ] [ImplementacionDAOH2:73] ODONTOLOGO ENCONTRADO...
[2024-08-08 21:43:02] [ INFO ] [ImplementacionDAOH2:78] ODONTOLOGO: Alejandro
[2024-08-08 21:43:02] [ INFO ] [Main:44] Listando odontologos de Local...
[2024-08-08 21:43:02] [ INFO ] [ImplementacionLocal:28] Obteniendo lista odontologos local...
[2024-08-08 21:43:02] [ INFO ] [ImplementacionLocal:30] ODONTOLOGO ENCONTRADO LOCAL...
[2024-08-08 21:43:02] [ INFO ] [ImplementacionLocal:31] Odontologo: Carlos
[2024-08-08 21:43:02] [ INFO ] [ImplementacionLocal:30] ODONTOLOGO ENCONTRADO LOCAL...
[2024-08-08 21:43:02] [ INFO ] [ImplementacionLocal:31] Odontologo: Diana
[2024-08-08 21:43:02] [ INFO ] [ImplementacionLocal:30] ODONTOLOGO ENCONTRADO LOCAL...
[2024-08-08 21:43:02] [ INFO ] [ImplementacionLocal:31] Odontologo: Alejandro
[2024-08-08 21:57:27] [ INFO ] [ImplementacionDAOH2:17] Guardando Odontologo en H2...
[2024-08-08 21:57:28] [ INFO ] [ImplementacionDAOH2:23] PREPARANDO STATEMENT...
[2024-08-08 21:57:28] [ INFO ] [ImplementacionDAOH2:35] ODONTOLOGO GUARDADO...
[2024-08-08 21:57:28] [ INFO ] [ImplementacionDAOH2:42] ODONTOLOGO->Nombre:...Carlos
[2024-08-08 21:57:28] [ INFO ] [ImplementacionDAOH2:17] Guardando Odontologo en H2...
[2024-08-08 21:57:28] [ INFO ] [ImplementacionDAOH2:23] PREPARANDO STATEMENT...
[2024-08-08 21:57:28] [ INFO ] [ImplementacionDAOH2:35] ODONTOLOGO GUARDADO...
[2024-08-08 21:57:28] [ INFO ] [ImplementacionDAOH2:42] ODONTOLOGO->Nombre:...Diana
[2024-08-08 21:57:28] [ INFO ] [ImplementacionDAOH2:17] Guardando Odontologo en H2...
[2024-08-08 21:57:28] [ INFO ] [ImplementacionDAOH2:23] PREPARANDO STATEMENT...
[2024-08-08 21:57:28] [ INFO ] [ImplementacionDAOH2:35] ODONTOLOGO GUARDADO...
[2024-08-08 21:57:28] [ INFO ] [ImplementacionDAOH2:42] ODONTOLOGO->Nombre:...Alejandro
[2024-08-08 21:57:28] [ INFO ] [ImplementacionLocal:17] Guardando Odontologo en local...
[2024-08-08 21:57:28] [ INFO ] [ImplementacionLocal:20] Asignando ID: 1
[2024-08-08 21:57:28] [ INFO ] [ImplementacionLocal:22] Odontologo con ID: 1 y nombre: Carlos ha sido guardado
[2024-08-08 21:57:28] [ INFO ] [ImplementacionLocal:17] Guardando Odontologo en local...
[2024-08-08 21:57:28] [ INFO ] [ImplementacionLocal:20] Asignando ID: 2
[2024-08-08 21:57:28] [ INFO ] [ImplementacionLocal:22] Odontologo con ID: 2 y nombre: Diana ha sido guardado
[2024-08-08 21:57:28] [ INFO ] [ImplementacionLocal:17] Guardando Odontologo en local...
[2024-08-08 21:57:28] [ INFO ] [ImplementacionLocal:20] Asignando ID: 3
[2024-08-08 21:57:28] [ INFO ] [ImplementacionLocal:22] Odontologo con ID: 3 y nombre: Alejandro ha sido guardado
[2024-08-08 21:57:28] [ INFO ] [ImplementacionDAOH2:59] GENERANDO LISTA ODONTOLOGOS...
[2024-08-08 21:57:28] [ INFO ] [ImplementacionDAOH2:65] PREPARANDO CONSULTA...
[2024-08-08 21:57:28] [ INFO ] [ImplementacionDAOH2:73] ODONTOLOGO ENCONTRADO...
[2024-08-08 21:57:28] [ INFO ] [ImplementacionDAOH2:78] ODONTOLOGO: Carlos
[2024-08-08 21:57:28] [ INFO ] [ImplementacionDAOH2:73] ODONTOLOGO ENCONTRADO...
[2024-08-08 21:57:28] [ INFO ] [ImplementacionDAOH2:78] ODONTOLOGO: Diana
[2024-08-08 21:57:28] [ INFO ] [ImplementacionDAOH2:73] ODONTOLOGO ENCONTRADO...
[2024-08-08 21:57:28] [ INFO ] [ImplementacionDAOH2:78] ODONTOLOGO: Alejandro
[2024-08-08 21:57:28] [ INFO ] [ImplementacionDAOH2:73] ODONTOLOGO ENCONTRADO...
[2024-08-08 21:57:28] [ INFO ] [ImplementacionDAOH2:78] ODONTOLOGO: Carlos
[2024-08-08 21:57:28] [ INFO ] [ImplementacionDAOH2:73] ODONTOLOGO ENCONTRADO...
[2024-08-08 21:57:28] [ INFO ] [ImplementacionDAOH2:78] ODONTOLOGO: Diana
[2024-08-08 21:57:28] [ INFO ] [ImplementacionDAOH2:73] ODONTOLOGO ENCONTRADO...
[2024-08-08 21:57:28] [ INFO ] [ImplementacionDAOH2:78] ODONTOLOGO: Alejandro
[2024-08-08 21:57:28] [ INFO ] [ImplementacionLocal:28] Obteniendo lista odontologos local...
[2024-08-08 21:57:28] [ INFO ] [ImplementacionLocal:30] ODONTOLOGO ENCONTRADO LOCAL...
[2024-08-08 21:57:28] [ INFO ] [ImplementacionLocal:31] Odontologo: Carlos
[2024-08-08 21:57:28] [ INFO ] [ImplementacionLocal:30] ODONTOLOGO ENCONTRADO LOCAL...
[2024-08-08 21:57:28] [ INFO ] [ImplementacionLocal:31] Odontologo: Diana
[2024-08-08 21:57:28] [ INFO ] [ImplementacionLocal:30] ODONTOLOGO ENCONTRADO LOCAL...
[2024-08-08 21:57:28] [ INFO ] [ImplementacionLocal:31] Odontologo: Alejandro
[2024-08-08 21:58:19] [ INFO ] [ImplementacionDAOH2:17] Guardando Odontologo en H2...
[2024-08-08 21:58:20] [ INFO ] [ImplementacionDAOH2:23] PREPARANDO STATEMENT...
[2024-08-08 21:58:20] [ INFO ] [ImplementacionDAOH2:35] ODONTOLOGO GUARDADO...
[2024-08-08 21:58:20] [ INFO ] [ImplementacionDAOH2:42] ODONTOLOGO->Nombre:...Carlos
[2024-08-08 21:58:20] [ INFO ] [ImplementacionDAOH2:17] Guardando Odontologo en H2...
[2024-08-08 21:58:20] [ INFO ] [ImplementacionDAOH2:23] PREPARANDO STATEMENT...
[2024-08-08 21:58:20] [ INFO ] [ImplementacionDAOH2:35] ODONTOLOGO GUARDADO...
[2024-08-08 21:58:20] [ INFO ] [ImplementacionDAOH2:42] ODONTOLOGO->Nombre:...Diana
[2024-08-08 21:58:20] [ INFO ] [ImplementacionDAOH2:17] Guardando Odontologo en H2...
[2024-08-08 21:58:20] [ INFO ] [ImplementacionDAOH2:23] PREPARANDO STATEMENT...
[2024-08-08 21:58:20] [ INFO ] [ImplementacionDAOH2:35] ODONTOLOGO GUARDADO...
[2024-08-08 21:58:20] [ INFO ] [ImplementacionDAOH2:42] ODONTOLOGO->Nombre:...Alejandro
[2024-08-08 21:58:20] [ INFO ] [ImplementacionLocal:17] Guardando Odontologo en local...
[2024-08-08 21:58:20] [ INFO ] [ImplementacionLocal:20] Asignando ID: 1
[2024-08-08 21:58:20] [ INFO ] [ImplementacionLocal:22] Odontologo con ID: 1 y nombre: Carlos ha sido guardado
[2024-08-08 21:58:20] [ INFO ] [ImplementacionLocal:17] Guardando Odontologo en local...
[2024-08-08 21:58:20] [ INFO ] [ImplementacionLocal:20] Asignando ID: 2
[2024-08-08 21:58:20] [ INFO ] [ImplementacionLocal:22] Odontologo con ID: 2 y nombre: Diana ha sido guardado
[2024-08-08 21:58:20] [ INFO ] [ImplementacionLocal:17] Guardando Odontologo en local...
[2024-08-08 21:58:20] [ INFO ] [ImplementacionLocal:20] Asignando ID: 3
[2024-08-08 21:58:20] [ INFO ] [ImplementacionLocal:22] Odontologo con ID: 3 y nombre: Alejandro ha sido guardado
[2024-08-08 21:58:20] [ INFO ] [ImplementacionDAOH2:59] GENERANDO LISTA ODONTOLOGOS...
[2024-08-08 21:58:20] [ INFO ] [ImplementacionDAOH2:65] PREPARANDO CONSULTA...
[2024-08-08 21:58:20] [ INFO ] [ImplementacionDAOH2:73] ODONTOLOGO ENCONTRADO...
[2024-08-08 21:58:20] [ INFO ] [ImplementacionDAOH2:78] ODONTOLOGO: Carlos
[2024-08-08 21:58:20] [ INFO ] [ImplementacionDAOH2:73] ODONTOLOGO ENCONTRADO...
[2024-08-08 21:58:20] [ INFO ] [ImplementacionDAOH2:78] ODONTOLOGO: Diana
[2024-08-08 21:58:20] [ INFO ] [ImplementacionDAOH2:73] ODONTOLOGO ENCONTRADO...
[2024-08-08 21:58:20] [ INFO ] [ImplementacionDAOH2:78] ODONTOLOGO: Alejandro
[2024-08-08 21:58:20] [ INFO ] [ImplementacionDAOH2:73] ODONTOLOGO ENCONTRADO...
[2024-08-08 21:58:20] [ INFO ] [ImplementacionDAOH2:78] ODONTOLOGO: Carlos
[2024-08-08 21:58:20] [ INFO ] [ImplementacionDAOH2:73] ODONTOLOGO ENCONTRADO...
[2024-08-08 21:58:20] [ INFO ] [ImplementacionDAOH2:78] ODONTOLOGO: Diana
[2024-08-08 21:58:20] [ INFO ] [ImplementacionDAOH2:73] ODONTOLOGO ENCONTRADO...
[2024-08-08 21:58:20] [ INFO ] [ImplementacionDAOH2:78] ODONTOLOGO: Alejandro
[2024-08-08 21:58:20] [ INFO ] [ImplementacionDAOH2:73] ODONTOLOGO ENCONTRADO...
[2024-08-08 21:58:20] [ INFO ] [ImplementacionDAOH2:78] ODONTOLOGO: Carlos
[2024-08-08 21:58:20] [ INFO ] [ImplementacionDAOH2:73] ODONTOLOGO ENCONTRADO...
[2024-08-08 21:58:20] [ INFO ] [ImplementacionDAOH2:78] ODONTOLOGO: Diana
[2024-08-08 21:58:20] [ INFO ] [ImplementacionDAOH2:73] ODONTOLOGO ENCONTRADO...
[2024-08-08 21:58:20] [ INFO ] [ImplementacionDAOH2:78] ODONTOLOGO: Alejandro
[2024-08-08 21:58:20] [ INFO ] [ImplementacionLocal:28] Obteniendo lista odontologos local...
[2024-08-08 21:58:20] [ INFO ] [ImplementacionLocal:30] ODONTOLOGO ENCONTRADO LOCAL...
[2024-08-08 21:58:20] [ INFO ] [ImplementacionLocal:31] Odontologo: Carlos
[2024-08-08 21:58:20] [ INFO ] [ImplementacionLocal:30] ODONTOLOGO ENCONTRADO LOCAL...
[2024-08-08 21:58:20] [ INFO ] [ImplementacionLocal:31] Odontologo: Diana
[2024-08-08 21:58:20] [ INFO ] [ImplementacionLocal:30] ODONTOLOGO ENCONTRADO LOCAL...
[2024-08-08 21:58:20] [ INFO ] [ImplementacionLocal:31] Odontologo: Alejandro
[2024-08-08 22:02:07] [ INFO ] [ImplementacionLocal:17] Guardando Odontologo en local...
[2024-08-08 22:02:07] [ INFO ] [ImplementacionLocal:20] Asignando ID: 1
[2024-08-08 22:02:07] [ INFO ] [ImplementacionLocal:22] Odontologo con ID: 1 y nombre: Carlos ha sido guardado
[2024-08-08 22:02:07] [ INFO ] [ImplementacionLocal:17] Guardando Odontologo en local...
[2024-08-08 22:02:07] [ INFO ] [ImplementacionLocal:20] Asignando ID: 2
[2024-08-08 22:02:07] [ INFO ] [ImplementacionLocal:22] Odontologo con ID: 2 y nombre: Diana ha sido guardado
[2024-08-08 22:02:07] [ INFO ] [ImplementacionLocal:17] Guardando Odontologo en local...
[2024-08-08 22:02:07] [ INFO ] [ImplementacionLocal:20] Asignando ID: 3
[2024-08-08 22:02:07] [ INFO ] [ImplementacionLocal:22] Odontologo con ID: 3 y nombre: Alejandro ha sido guardado
[2024-08-08 22:02:07] [ INFO ] [ImplementacionLocal:28] Obteniendo lista odontologos local...
[2024-08-08 22:02:07] [ INFO ] [ImplementacionLocal:30] ODONTOLOGO ENCONTRADO LOCAL...
[2024-08-08 22:02:07] [ INFO ] [ImplementacionLocal:31] Odontologo: Carlos
[2024-08-08 22:02:07] [ INFO ] [ImplementacionLocal:30] ODONTOLOGO ENCONTRADO LOCAL...
[2024-08-08 22:02:07] [ INFO ] [ImplementacionLocal:31] Odontologo: Diana
[2024-08-08 22:02:07] [ INFO ] [ImplementacionLocal:30] ODONTOLOGO ENCONTRADO LOCAL...
[2024-08-08 22:02:07] [ INFO ] [ImplementacionLocal:31] Odontologo: Alejandro
[2024-08-08 22:02:23] [ INFO ] [ImplementacionDAOH2:17] Guardando Odontologo en H2...
[2024-08-08 22:02:23] [ INFO ] [ImplementacionDAOH2:23] PREPARANDO STATEMENT...
[2024-08-08 22:02:23] [ INFO ] [ImplementacionDAOH2:35] ODONTOLOGO GUARDADO...
[2024-08-08 22:02:23] [ INFO ] [ImplementacionDAOH2:42] ODONTOLOGO->Nombre:...Carlos
[2024-08-08 22:02:23] [ INFO ] [ImplementacionDAOH2:17] Guardando Odontologo en H2...
[2024-08-08 22:02:23] [ INFO ] [ImplementacionDAOH2:23] PREPARANDO STATEMENT...
[2024-08-08 22:02:23] [ INFO ] [ImplementacionDAOH2:35] ODONTOLOGO GUARDADO...
[2024-08-08 22:02:23] [ INFO ] [ImplementacionDAOH2:42] ODONTOLOGO->Nombre:...Diana
[2024-08-08 22:02:23] [ INFO ] [ImplementacionDAOH2:17] Guardando Odontologo en H2...
[2024-08-08 22:02:23] [ INFO ] [ImplementacionDAOH2:23] PREPARANDO STATEMENT...
[2024-08-08 22:02:23] [ INFO ] [ImplementacionDAOH2:35] ODONTOLOGO GUARDADO...
[2024-08-08 22:02:23] [ INFO ] [ImplementacionDAOH2:42] ODONTOLOGO->Nombre:...Alejandro
[2024-08-08 22:02:23] [ INFO ] [ImplementacionDAOH2:59] GENERANDO LISTA ODONTOLOGOS...
[2024-08-08 22:02:23] [ INFO ] [ImplementacionDAOH2:65] PREPARANDO CONSULTA...
[2024-08-08 22:02:23] [ INFO ] [ImplementacionDAOH2:73] ODONTOLOGO ENCONTRADO...
[2024-08-08 22:02:23] [ INFO ] [ImplementacionDAOH2:78] ODONTOLOGO: Carlos
[2024-08-08 22:02:23] [ INFO ] [ImplementacionDAOH2:73] ODONTOLOGO ENCONTRADO...
[2024-08-08 22:02:23] [ INFO ] [ImplementacionDAOH2:78] ODONTOLOGO: Diana
[2024-08-08 22:02:23] [ INFO ] [ImplementacionDAOH2:73] ODONTOLOGO ENCONTRADO...
[2024-08-08 22:02:23] [ INFO ] [ImplementacionDAOH2:78] ODONTOLOGO: Alejandro
[2024-08-08 22:02:23] [ INFO ] [ImplementacionDAOH2:73] ODONTOLOGO ENCONTRADO...
[2024-08-08 22:02:23] [ INFO ] [ImplementacionDAOH2:78] ODONTOLOGO: Carlos
[2024-08-08 22:02:23] [ INFO ] [ImplementacionDAOH2:73] ODONTOLOGO ENCONTRADO...
[2024-08-08 22:02:23] [ INFO ] [ImplementacionDAOH2:78] ODONTOLOGO: Diana
[2024-08-08 22:02:23] [ INFO ] [ImplementacionDAOH2:73] ODONTOLOGO ENCONTRADO...
[2024-08-08 22:02:23] [ INFO ] [ImplementacionDAOH2:78] ODONTOLOGO: Alejandro
[2024-08-08 22:02:23] [ INFO ] [ImplementacionDAOH2:73] ODONTOLOGO ENCONTRADO...
[2024-08-08 22:02:23] [ INFO ] [ImplementacionDAOH2:78] ODONTOLOGO: Carlos
[2024-08-08 22:02:23] [ INFO ] [ImplementacionDAOH2:73] ODONTOLOGO ENCONTRADO...
[2024-08-08 22:02:23] [ INFO ] [ImplementacionDAOH2:78] ODONTOLOGO: Diana
[2024-08-08 22:02:23] [ INFO ] [ImplementacionDAOH2:73] ODONTOLOGO ENCONTRADO...
[2024-08-08 22:02:23] [ INFO ] [ImplementacionDAOH2:78] ODONTOLOGO: Alejandro
[2024-08-08 22:02:23] [ INFO ] [ImplementacionDAOH2:73] ODONTOLOGO ENCONTRADO...
[2024-08-08 22:02:23] [ INFO ] [ImplementacionDAOH2:78] ODONTOLOGO: Carlos
[2024-08-08 22:02:23] [ INFO ] [ImplementacionDAOH2:73] ODONTOLOGO ENCONTRADO...
[2024-08-08 22:02:23] [ INFO ] [ImplementacionDAOH2:78] ODONTOLOGO: Diana
[2024-08-08 22:02:23] [ INFO ] [ImplementacionDAOH2:73] ODONTOLOGO ENCONTRADO...
[2024-08-08 22:02:23] [ INFO ] [ImplementacionDAOH2:78] ODONTOLOGO: Alejandro
[2024-08-08 22:03:26] [ INFO ] [ImplementacionDAOH2:17] Guardando Odontologo en H2...
[2024-08-08 22:03:26] [ INFO ] [ImplementacionDAOH2:23] PREPARANDO STATEMENT...
[2024-08-08 22:03:26] [ INFO ] [ImplementacionDAOH2:35] ODONTOLOGO GUARDADO...
[2024-08-08 22:03:26] [ INFO ] [ImplementacionDAOH2:42] ODONTOLOGO->Nombre:...Carlos
[2024-08-08 22:03:26] [ INFO ] [ImplementacionDAOH2:17] Guardando Odontologo en H2...
[2024-08-08 22:03:26] [ INFO ] [ImplementacionDAOH2:23] PREPARANDO STATEMENT...
[2024-08-08 22:03:26] [ INFO ] [ImplementacionDAOH2:35] ODONTOLOGO GUARDADO...
[2024-08-08 22:03:26] [ INFO ] [ImplementacionDAOH2:42] ODONTOLOGO->Nombre:...Diana
[2024-08-08 22:03:26] [ INFO ] [ImplementacionDAOH2:17] Guardando Odontologo en H2...
[2024-08-08 22:03:26] [ INFO ] [ImplementacionDAOH2:23] PREPARANDO STATEMENT...
[2024-08-08 22:03:26] [ INFO ] [ImplementacionDAOH2:35] ODONTOLOGO GUARDADO...
[2024-08-08 22:03:26] [ INFO ] [ImplementacionDAOH2:42] ODONTOLOGO->Nombre:...Alejandro
[2024-08-08 22:03:26] [ INFO ] [ImplementacionDAOH2:59] GENERANDO LISTA ODONTOLOGOS...
[2024-08-08 22:03:26] [ INFO ] [ImplementacionDAOH2:65] PREPARANDO CONSULTA...
[2024-08-08 22:03:26] [ INFO ] [ImplementacionDAOH2:73] ODONTOLOGO ENCONTRADO...
[2024-08-08 22:03:26] [ INFO ] [ImplementacionDAOH2:78] ODONTOLOGO: Carlos
[2024-08-08 22:03:26] [ INFO ] [ImplementacionDAOH2:73] ODONTOLOGO ENCONTRADO...
[2024-08-08 22:03:26] [ INFO ] [ImplementacionDAOH2:78] ODONTOLOGO: Diana
[2024-08-08 22:03:26] [ INFO ] [ImplementacionDAOH2:73] ODONTOLOGO ENCONTRADO...
[2024-08-08 22:03:26] [ INFO ] [ImplementacionDAOH2:78] ODONTOLOGO: Alejandro
